Inventory/app/build/intermediates/manifest_merge_blame_file/debug/manifest-merger-blame-debug-report.txt
1<?xml version="1.0" encoding="utf-8"?>
2<manifest xmlns:android="http://schemas.android.com/apk/res/android"
3    package="com.example.inventroy"
4    android:versionCode="1"
5    android:versionName="1.0" >
6
7    <uses-sdk
8        android:minSdkVersion="28"
8-->src\main\AndroidManifest.xml
9        android:targetSdkVersion="32" />
9-->src\main\AndroidManifest.xml
10
11    <!-- This permission is required to start foreground services in Android P. -->
12    <uses-permission android:name="android.permission.FOREGROUND_SERVICE" /> <!-- Although the *SdkVersion is captured in gradle build files, this is required for non gradle builds -->
12-->[com.google.android.gms:play-services-cast-framework:20.0.0] AndroidManifest.xml:10:5-77
12-->[com.google.android.gms:play-services-cast-framework:20.0.0] AndroidManifest.xml:10:22-74
13    <!-- <uses-sdk android:minSdkVersion="14"/> -->
14    <uses-permission android:name="android.permission.ACCESS_NETWORK_STATE" />
14-->[com.google.android.datatransport:transport-backend-cct:2.3.3] AndroidManifest.xml:25:5-79
14-->[com.google.android.datatransport:transport-backend-cct:2.3.3] AndroidManifest.xml:25:22-76
15    <uses-permission android:name="android.permission.INTERNET" />
15-->[com.google.android.datatransport:transport-backend-cct:2.3.3] AndroidManifest.xml:26:5-67
15-->[com.google.android.datatransport:transport-backend-cct:2.3.3] AndroidManifest.xml:26:22-64
16
17    <application
17-->src\main\AndroidManifest.xml:5:5-11:62
18        android:allowBackup="true"
18-->src\main\AndroidManifest.xml:6:9-35
19        android:appComponentFactory="androidx.core.app.CoreComponentFactory"
19-->[androidx.core:core:1.7.0] AndroidManifest.xml:24:18-86
20        android:debuggable="true"
21        android:extractNativeLibs="false"
22        android:icon="@mipmap/ic_launcher"
22-->src\main\AndroidManifest.xml:7:9-43
23        android:label="@string/app_name"
23-->src\main\AndroidManifest.xml:8:9-41
24        android:roundIcon="@mipmap/ic_launcher_round"
24-->src\main\AndroidManifest.xml:9:9-54
25        android:supportsRtl="true"
25-->src\main\AndroidManifest.xml:10:9-35
26        android:testOnly="true"
27        android:theme="@style/Theme.Inventroy" >
27-->src\main\AndroidManifest.xml:11:9-47
28        <receiver
28-->[com.google.android.gms:play-services-cast-framework:20.0.0] AndroidManifest.xml:13:9-15:40
29            android:name="com.google.android.gms.cast.framework.media.MediaIntentReceiver"
29-->[com.google.android.gms:play-services-cast-framework:20.0.0] AndroidManifest.xml:14:13-91
30            android:exported="false" />
30-->[com.google.android.gms:play-services-cast-framework:20.0.0] AndroidManifest.xml:15:13-37
31
32        <service
32-->[com.google.android.gms:play-services-cast-framework:20.0.0] AndroidManifest.xml:17:9-20:61
33            android:name="com.google.android.gms.cast.framework.media.MediaNotificationService"
33-->[com.google.android.gms:play-services-cast-framework:20.0.0] AndroidManifest.xml:18:13-96
34            android:exported="false"
34-->[com.google.android.gms:play-services-cast-framework:20.0.0] AndroidManifest.xml:19:13-37
35            android:foregroundServiceType="mediaPlayback" />
35-->[com.google.android.gms:play-services-cast-framework:20.0.0] AndroidManifest.xml:20:13-58
36        <service
36-->[com.google.android.gms:play-services-cast-framework:20.0.0] AndroidManifest.xml:21:9-23:40
37            android:name="com.google.android.gms.cast.framework.ReconnectionService"
37-->[com.google.android.gms:play-services-cast-framework:20.0.0] AndroidManifest.xml:22:13-85
38            android:exported="false" />
38-->[com.google.android.gms:play-services-cast-framework:20.0.0] AndroidManifest.xml:23:13-37
39        <service
39-->[androidx.room:room-runtime:2.2.6] AndroidManifest.xml:25:9-28:40
40            android:name="androidx.room.MultiInstanceInvalidationService"
40-->[androidx.room:room-runtime:2.2.6] AndroidManifest.xml:26:13-74
41            android:directBootAware="true"
41-->[androidx.room:room-runtime:2.2.6] AndroidManifest.xml:27:13-43
42            android:exported="false" />
42-->[androidx.room:room-runtime:2.2.6] AndroidManifest.xml:28:13-37
43
44        <activity
44-->[com.google.android.gms:play-services-base:17.5.0] AndroidManifest.xml:23:9-26:75
45            android:name="com.google.android.gms.common.api.GoogleApiActivity"
45-->[com.google.android.gms:play-services-base:17.5.0] AndroidManifest.xml:24:13-79
46            android:exported="false"
46-->[com.google.android.gms:play-services-base:17.5.0] AndroidManifest.xml:25:13-37
47            android:theme="@android:style/Theme.Translucent.NoTitleBar" />
47-->[com.google.android.gms:play-services-base:17.5.0] AndroidManifest.xml:26:13-72
48
49        <meta-data
49-->[com.google.android.gms:play-services-basement:17.5.0] AndroidManifest.xml:23:9-25:69
50            android:name="com.google.android.gms.version"
50-->[com.google.android.gms:play-services-basement:17.5.0] AndroidManifest.xml:24:13-58
51            android:value="@integer/google_play_services_version" />
51-->[com.google.android.gms:play-services-basement:17.5.0] AndroidManifest.xml:25:13-66
52
53        <provider
53-->[androidx.emoji2:emoji2:1.0.0] AndroidManifest.xml:26:9-34:20
54            android:name="androidx.startup.InitializationProvider"
54-->[androidx.emoji2:emoji2:1.0.0] AndroidManifest.xml:27:13-67
55            android:authorities="com.example.inventroy.androidx-startup"
55-->[androidx.emoji2:emoji2:1.0.0] AndroidManifest.xml:28:13-68
56            android:exported="false" >
56-->[androidx.emoji2:emoji2:1.0.0] AndroidManifest.xml:29:13-37
57            <meta-data
57-->[androidx.emoji2:emoji2:1.0.0] AndroidManifest.xml:31:13-33:52
58                android:name="androidx.emoji2.text.EmojiCompatInitializer"
58-->[androidx.emoji2:emoji2:1.0.0] AndroidManifest.xml:32:17-75
59                android:value="androidx.startup" />
59-->[androidx.emoji2:emoji2:1.0.0] AndroidManifest.xml:33:17-49
60            <meta-data
60-->[androidx.lifecycle:lifecycle-process:2.4.0] AndroidManifest.xml:31:13-33:52
61                android:name="androidx.lifecycle.ProcessLifecycleInitializer"
61-->[androidx.lifecycle:lifecycle-process:2.4.0] AndroidManifest.xml:32:17-78
62                android:value="androidx.startup" />
62-->[androidx.lifecycle:lifecycle-process:2.4.0] AndroidManifest.xml:33:17-49
63        </provider>
64
65        <service
65-->[com.google.android.datatransport:transport-backend-cct:2.3.3] AndroidManifest.xml:29:9-35:19
66            android:name="com.google.android.datatransport.runtime.backends.TransportBackendDiscovery"
66-->[com.google.android.datatransport:transport-backend-cct:2.3.3] AndroidManifest.xml:30:13-103
67            android:exported="false" >
67-->[com.google.android.datatransport:transport-backend-cct:2.3.3] AndroidManifest.xml:31:13-37
68            <meta-data
68-->[com.google.android.datatransport:transport-backend-cct:2.3.3] AndroidManifest.xml:32:13-34:39
69                android:name="backend:com.google.android.datatransport.cct.CctBackendFactory"
69-->[com.google.android.datatransport:transport-backend-cct:2.3.3] AndroidManifest.xml:33:17-94
70                android:value="cct" />
70-->[com.google.android.datatransport:transport-backend-cct:2.3.3] AndroidManifest.xml:34:17-36
71        </service>
72        <service
72-->[com.google.android.datatransport:transport-runtime:2.2.5] AndroidManifest.xml:26:9-30:19
73            android:name="com.google.android.datatransport.runtime.scheduling.jobscheduling.JobInfoSchedulerService"
73-->[com.google.android.datatransport:transport-runtime:2.2.5] AndroidManifest.xml:27:13-117
74            android:exported="false"
74-->[com.google.android.datatransport:transport-runtime:2.2.5] AndroidManifest.xml:28:13-37
75            android:permission="android.permission.BIND_JOB_SERVICE" >
75-->[com.google.android.datatransport:transport-runtime:2.2.5] AndroidManifest.xml:29:13-69
76        </service>
77
78        <receiver
78-->[com.google.android.datatransport:transport-runtime:2.2.5] AndroidManifest.xml:32:9-34:40
79            android:name="com.google.android.datatransport.runtime.scheduling.jobscheduling.AlarmManagerSchedulerBroadcastReceiver"
79-->[com.google.android.datatransport:transport-runtime:2.2.5] AndroidManifest.xml:33:13-132
80            android:exported="false" />
80-->[com.google.android.datatransport:transport-runtime:2.2.5] AndroidManifest.xml:34:13-37
81    </application>
82
83</manifest>